  .   ____          _            __ _ _
 /\\ / ___'_ __ _ _(_)_ __  __ _ \ \ \ \
( ( )\___ | '_ | '_| | '_ \/ _` | \ \ \ \
 \\/  ___)| |_)| | | | | || (_| |  ) ) ) )
  '  |____| .__|_| |_|_| |_\__, | / / / /
 =========|_|==============|___/=/_/_/_/

 :: Spring Boot ::                (v3.3.0)

2026-06-15T21:48:55.684+08:00  INFO 41140 --- [           main] c.example.campus_ai.CampusAiApplication  : Starting CampusAiApplication v0.0.1-SNAPSHOT using Java 17.0.16 with PID 41140 (D:\Javaidea\Campus_AI\Campus_AI\build\libs\Campus_AI-0.0.1-SNAPSHOT.jar started by IlICcee in D:\Javaidea\Campus_AI\Campus_AI)
2026-06-15T21:48:55.694+08:00  INFO 41140 --- [           main] c.example.campus_ai.CampusAiApplication  : No active profile set, falling back to 1 default profile: "default"
2026-06-15T21:48:57.989+08:00  INFO 41140 --- [           main] o.s.b.w.embedded.tomcat.TomcatWebServer  : Tomcat initialized with port 8088 (http)
2026-06-15T21:48:58.009+08:00  INFO 41140 --- [           main] o.apache.catalina.core.StandardService   : Starting service [Tomcat]
2026-06-15T21:48:58.010+08:00  INFO 41140 --- [           main] o.apache.catalina.core.StandardEngine    : Starting Servlet engine: [Apache Tomcat/10.1.24]
2026-06-15T21:48:58.096+08:00  INFO 41140 --- [           main] o.a.c.c.C.[Tomcat].[localhost].[/]       : Initializing Spring embedded WebApplicationContext
2026-06-15T21:48:58.098+08:00  INFO 41140 --- [           main] w.s.c.ServletWebServerApplicationContext : Root WebApplicationContext: initialization completed in 2285 ms
2026-06-15T21:48:59.541+08:00  INFO 41140 --- [           main] o.s.a.v.pgvector.PgVectorStore           : Using the vector table name: vector_store. Is empty: false
2026-06-15T21:48:59.554+08:00  INFO 41140 --- [           main] o.s.a.v.pgvector.PgVectorStore           : Initializing PGVectorStore schema for table: vector_store in schema: public
2026-06-15T21:48:59.555+08:00  INFO 41140 --- [           main] o.s.a.v.pgvector.PgVectorStore           : vectorTableValidationsEnabled false
2026-06-15T21:48:59.560+08:00  INFO 41140 --- [           main] com.zaxxer.hikari.HikariDataSource       : HikariPool-1 - Starting...
2026-06-15T21:48:59.794+08:00  INFO 41140 --- [           main] com.zaxxer.hikari.pool.HikariPool        : HikariPool-1 - Added connection org.postgresql.jdbc.PgConnection@2be2be89
2026-06-15T21:48:59.796+08:00  INFO 41140 --- [           main] com.zaxxer.hikari.HikariDataSource       : HikariPool-1 - Start completed.
2026-06-15T21:48:59.933+08:00  INFO 41140 --- [           main] o.s.b.a.w.s.WelcomePageHandlerMapping    : Adding welcome page: class path resource [static/index.html]
2026-06-15T21:49:00.513+08:00  INFO 41140 --- [           main] o.s.b.w.embedded.tomcat.TomcatWebServer  : Tomcat started on port 8088 (http) with context path '/'
2026-06-15T21:49:00.533+08:00  INFO 41140 --- [           main] c.example.campus_ai.CampusAiApplication  : Started CampusAiApplication in 5.865 seconds (process running for 6.708)
2026-06-15T21:49:00.672+08:00  INFO 41140 --- [           main] com.example.config.DataInitializer       : вбДДНЈНЬЪІКЭбЇЩњеЫКХ
2026-06-15T21:49:00.691+08:00  INFO 41140 --- [           main] com.example.config.DataInitializer       : вбВхШы 5 ЬѕЙЋИц
2026-06-15T21:49:00.706+08:00  INFO 41140 --- [           main] com.example.config.DataInitializer       : вбДДНЈ 3 УћбЇЩњ
2026-06-15T21:49:00.728+08:00  INFO 41140 --- [           main] com.example.config.DataInitializer       : вбДДНЈ 7 УХПЮГЬ
2026-06-15T21:49:00.760+08:00  INFO 41140 --- [           main] com.example.config.DataInitializer       : вбДДНЈ 9 ЬѕГЩМЈ
